<?xml version="1.0" encoding="UTF-8"?>
<testng-results retried="1" ignored="0" total="5" passed="4" failed="0" skipped="0">
  <reporter-output>
  </reporter-output>
  <suite started-at="2023-04-30T23:24:16 IST" name="order" finished-at="2023-04-30T23:25:00 IST" duration-ms="44018">
    <groups>
      <group name="Purchase">
        <method signature="ErrorValidations.submitOrder()[pri:0, instance:pageObjects.ErrorValidations@5acf93bb]" name="submitOrder" class="pageObjects.ErrorValidations"/>
        <method signature="standAlone.submitOrder(java.util.HashMap)[pri:0, instance:pageObjects.standAlone@61001b64]" name="submitOrder" class="pageObjects.standAlone"/>
      </group> <!-- Purchase -->
    </groups>
    <test started-at="2023-04-30T23:24:16 IST" name="Submit Order Test" finished-at="2023-04-30T23:24:25 IST" duration-ms="8669">
      <class name="pageObjects.ErrorValidations">
        <test-method is-config="true" signature="launchApplication()[pri:0, instance:pageObjects.ErrorValidations@5acf93bb]" started-at="2023-04-30T23:24:16 IST" name="launchApplication" finished-at="2023-04-30T23:24:21 IST" duration-ms="4519" status="PASS">
          <reporter-output>
          </reporter-output>
        </test-method> <!-- launchApplication -->
        <test-method retried="true" signature="submitOrder()[pri:0, instance:pageObjects.ErrorValidations@5acf93bb]" started-at="2023-04-30T23:24:21 IST" name="submitOrder" finished-at="2023-04-30T23:24:21 IST" duration-ms="347" status="SKIP">
          <exception class="java.lang.AssertionError">
            <message>
              <![CDATA[expected [] but found [Incorrect email or password.]]]>
            </message>
            <full-stacktrace>
              <![CDATA[java.lang.AssertionError: expected [] but found [Incorrect email or password.]
at org.testng.Assert.fail(Assert.java:99)
at org.testng.Assert.failNotEquals(Assert.java:1037)
at org.testng.Assert.assertEqualsImpl(Assert.java:140)
at org.testng.Assert.assertEquals(Assert.java:122)
at org.testng.Assert.assertEquals(Assert.java:629)
at org.testng.Assert.assertEquals(Assert.java:639)
at pageObjects.ErrorValidations.submitOrder(ErrorValidations.java:19)
at java.base/jdk.internal.reflect.NativeMethodAccessorImpl.invoke0(Native Method)
at java.base/jdk.internal.reflect.NativeMethodAccessorImpl.invoke(NativeMethodAccessorImpl.java:62)
at java.base/jdk.internal.reflect.DelegatingMethodAccessorImpl.invoke(DelegatingMethodAccessorImpl.java:43)
at java.base/java.lang.reflect.Method.invoke(Method.java:566)
at org.testng.internal.MethodInvocationHelper.invokeMethod(MethodInvocationHelper.java:133)
at org.testng.internal.TestInvoker.invokeMethod(TestInvoker.java:598)
at org.testng.internal.TestInvoker.invokeTestMethod(TestInvoker.java:173)
at org.testng.internal.MethodRunner.runInSequence(MethodRunner.java:46)
at org.testng.internal.TestInvoker$MethodInvocationAgent.invoke(TestInvoker.java:824)
at org.testng.internal.TestInvoker.invokeTestMethods(TestInvoker.java:146)
at org.testng.internal.TestMethodWorker.invokeTestMethods(TestMethodWorker.java:146)
at org.testng.internal.TestMethodWorker.run(TestMethodWorker.java:128)
at java.base/java.util.ArrayList.forEach(ArrayList.java:1541)
at org.testng.TestRunner.privateRun(TestRunner.java:794)
at org.testng.TestRunner.run(TestRunner.java:596)
at org.testng.SuiteRunner.runTest(SuiteRunner.java:377)
at org.testng.SuiteRunner.access$000(SuiteRunner.java:28)
at org.testng.SuiteRunner$SuiteWorker.run(SuiteRunner.java:418)
at org.testng.internal.thread.ThreadUtil.lambda$execute$0(ThreadUtil.java:64)
at java.base/java.util.concurrent.FutureTask.run(FutureTask.java:264)
at java.base/java.util.concurrent.ThreadPoolExecutor.runWorker(ThreadPoolExecutor.java:1128)
at java.base/java.util.concurrent.ThreadPoolExecutor$Worker.run(ThreadPoolExecutor.java:628)
at java.base/java.lang.Thread.run(Thread.java:834)
]]>
            </full-stacktrace>
          </exception> <!-- java.lang.AssertionError -->
          <reporter-output>
          </reporter-output>
        </test-method> <!-- submitOrder -->
        <test-method is-config="true" signature="tearDown()[pri:0, instance:pageObjects.ErrorValidations@5acf93bb]" started-at="2023-04-30T23:24:21 IST" name="tearDown" finished-at="2023-04-30T23:24:21 IST" duration-ms="91" status="PASS">
          <reporter-output>
          </reporter-output>
        </test-method> <!-- tearDown -->
        <test-method is-config="true" signature="launchApplication()[pri:0, instance:pageObjects.ErrorValidations@5acf93bb]" started-at="2023-04-30T23:24:21 IST" name="launchApplication" finished-at="2023-04-30T23:24:25 IST" duration-ms="3237" status="PASS">
          <reporter-output>
          </reporter-output>
        </test-method> <!-- launchApplication -->
        <test-method signature="submitOrder()[pri:0, instance:pageObjects.ErrorValidations@5acf93bb]" started-at="2023-04-30T23:24:25 IST" name="submitOrder" finished-at="2023-04-30T23:24:25 IST" duration-ms="354" status="PASS">
          <reporter-output>
          </reporter-output>
        </test-method> <!-- submitOrder -->
        <test-method is-config="true" signature="tearDown()[pri:0, instance:pageObjects.ErrorValidations@5acf93bb]" started-at="2023-04-30T23:24:25 IST" name="tearDown" finished-at="2023-04-30T23:24:25 IST" duration-ms="84" status="PASS">
          <reporter-output>
          </reporter-output>
        </test-method> <!-- tearDown -->
      </class> <!-- pageObjects.ErrorValidations -->
    </test> <!-- Submit Order Test -->
    <test started-at="2023-04-30T23:24:16 IST" name="Submit Order" finished-at="2023-04-30T23:25:00 IST" duration-ms="44017">
      <class name="pageObjects.standAlone">
        <test-method is-config="true" signature="launchApplication()[pri:0, instance:pageObjects.standAlone@61001b64]" started-at="2023-04-30T23:24:17 IST" name="launchApplication" finished-at="2023-04-30T23:24:22 IST" duration-ms="5364" status="PASS">
          <reporter-output>
          </reporter-output>
        </test-method> <!-- launchApplication -->
        <test-method signature="submitOrder(java.util.HashMap)[pri:0, instance:pageObjects.standAlone@61001b64]" started-at="2023-04-30T23:24:22 IST" name="submitOrder" data-provider="getData" finished-at="2023-04-30T23:24:38 IST" duration-ms="15910" status="PASS">
          <params>
            <param index="0">
              <value>
                <![CDATA[{Email=testuser69@gmail.com, pwd=Test2User@, productName=ZARA COAT 3}]]>
              </value>
            </param>
          </params>
          <reporter-output>
          </reporter-output>
        </test-method> <!-- submitOrder -->
        <test-method is-config="true" signature="tearDown()[pri:0, instance:pageObjects.standAlone@61001b64]" started-at="2023-04-30T23:24:38 IST" name="tearDown" finished-at="2023-04-30T23:24:38 IST" duration-ms="78" status="PASS">
          <reporter-output>
          </reporter-output>
        </test-method> <!-- tearDown -->
        <test-method is-config="true" signature="launchApplication()[pri:0, instance:pageObjects.standAlone@61001b64]" started-at="2023-04-30T23:24:38 IST" name="launchApplication" finished-at="2023-04-30T23:24:41 IST" duration-ms="2742" status="PASS">
          <reporter-output>
          </reporter-output>
        </test-method> <!-- launchApplication -->
        <test-method signature="submitOrder(java.util.HashMap)[pri:0, instance:pageObjects.standAlone@61001b64]" started-at="2023-04-30T23:24:41 IST" name="submitOrder" data-provider="getData" finished-at="2023-04-30T23:24:57 IST" duration-ms="15840" status="PASS">
          <params>
            <param index="0">
              <value>
                <![CDATA[{Email=testuser69@gmail.com, pwd=Test2User@, productName=ADIDAS ORIGINAL}]]>
              </value>
            </param>
          </params>
          <reporter-output>
          </reporter-output>
        </test-method> <!-- submitOrder -->
        <test-method is-config="true" signature="tearDown()[pri:0, instance:pageObjects.standAlone@61001b64]" started-at="2023-04-30T23:24:57 IST" name="tearDown" finished-at="2023-04-30T23:24:57 IST" duration-ms="90" status="PASS">
          <reporter-output>
          </reporter-output>
        </test-method> <!-- tearDown -->
        <test-method is-config="true" signature="launchApplication()[pri:0, instance:pageObjects.standAlone@61001b64]" started-at="2023-04-30T23:24:57 IST" name="launchApplication" finished-at="2023-04-30T23:25:00 IST" duration-ms="3154" status="PASS">
          <reporter-output>
          </reporter-output>
        </test-method> <!-- launchApplication -->
        <test-method signature="orderHistory()[pri:0, instance:pageObjects.standAlone@61001b64]" started-at="2023-04-30T23:25:00 IST" name="orderHistory" finished-at="2023-04-30T23:25:00 IST" depends-on-methods="pageObjects.standAlone.submitOrder" duration-ms="494" status="PASS">
          <reporter-output>
          </reporter-output>
        </test-method> <!-- orderHistory -->
        <test-method is-config="true" signature="tearDown()[pri:0, instance:pageObjects.standAlone@61001b64]" started-at="2023-04-30T23:25:00 IST" name="tearDown" finished-at="2023-04-30T23:25:00 IST" duration-ms="76" status="PASS">
          <reporter-output>
          </reporter-output>
        </test-method> <!-- tearDown -->
        <test-method is-config="true" signature="terminateDriverInstance()[pri:0, instance:pageObjects.standAlone@61001b64]" started-at="2023-04-30T23:25:00 IST" name="terminateDriverInstance" finished-at="2023-04-30T23:25:00 IST" duration-ms="42" status="PASS">
          <reporter-output>
          </reporter-output>
        </test-method> <!-- terminateDriverInstance -->
      </class> <!-- pageObjects.standAlone -->
    </test> <!-- Submit Order -->
  </suite> <!-- order -->
</testng-results>
